<testsuites id="" name="" tests="1" failures="0" skipped="0" errors="0" time="2.8007879999997094">
<testsuite name="api\live-tracker.spec.ts" timestamp="2025-02-09T17:00:04.068Z" hostname="chromium" tests="1" failures="0" skipped="0" time="1.53" errors="0">
<testcase name="Live Transaction Tracker API â€º Starts live tracking successfully" classname="api\live-tracker.spec.ts" time="1.53">
</testcase>
</testsuite>
</testsuites>