<testsuites id="" name="" tests="1" failures="0" skipped="0" errors="0" time="1.300303999999538">
<testsuite name="api\eth-usdt-price.spec.ts" timestamp="2025-02-09T17:12:39.931Z" hostname="chromium" tests="1" failures="0" skipped="0" time="0.194" errors="0">
<testcase name="ETH/USDT Price API â€º Fetches the latest ETH/USDT price" classname="api\eth-usdt-price.spec.ts" time="0.194">
</testcase>
</testsuite>
</testsuites>